2025-04-24 05:46:55 | Clare Hendrix | 6985741236 |  | X | NATA | Assumenda quis id et | 
2025-04-24 06:04:31 | Alexa Gibbs | 6859685745 |  | UG | CEED | delhi | 
2025-04-24 06:08:53 | Jelani Shaffer | 8563214569 |  | XII | CEPT | Minim totam cupidita | 
2025-04-24 06:15:59 | Elvis Mercado | 7896582365 | XII | JEE Paper II | Tempora qui quaerat  | 
2025-04-24 06:36:58 | testkjdfgkjfdj | 9556451654 | X | CEED | panchkula | 
2025-04-24 08:36:14 | testkjdfgkjfdj | 9876543215 | XII | UCEED | Panchkula | 
2025-04-24 08:37:56 | testkjdfgkjfdj | 9876554561 | XII | UCEED | Panchkula | 
2025-04-24 10:55:05 | testUniquetest | 8736812678 | XI | NIFT | Sonipat | 
2025-04-24 11:04:24 | DilshadTestDilu | 9827391273 | UG | NIFT | Sonipat | 
2025-04-24 11:06:20 | testUniquetest | 8736812678 | XI | NIFT | Sonipat | 
2025-04-24 11:08:42 | testrrr | 9273891728 | X | NIFT | Sonipat | 
2025-04-24 11:10:24 | testkkk | 9827368156 | UG | NIFT | Mohali | 
2025-04-24 11:15:46 | testnnn | 8939128739 | XI | NIFT | karnal | 
2025-04-24 11:20:56 | testyyy | 9827398187 | G | NIFT | Sonipat | 
2025-04-24 11:52:42 | testuserueurururu | 6859265956 | XI | UCEED | test | 
2025-04-24 11:56:17 | testuserbgfgbvbhg | 9876543655 | X | UCEED | Panchkula | 
2025-04-24 12:00:30 | testuserfgghgfgfgh | 9514856849 |  | CEED | test | 
2025-04-24 12:03:54 | testmdfkgnfejkg | 7523651564 | X | JEE Paper II | Panchkula | 
2025-04-24 12:34:58 | testMohit  | 9839127387 | XII | NATA | sonipat | 
2025-04-24 12:41:42 | testyyyo | 8387912873 | XI | NIFT | sonipat | 
2025-04-24 12:44:15 | testkkyo | 6387122836 | X | NID | Sonipat | 
2025-04-24 12:45:52 | testskdbfsjh | 9876546544 | XII | UCEED | Panchkula | 
